2025-06-18 15:28:44,736 - INFO - DVDS数据清洗器初始化完成
2025-06-18 15:28:44,736 - INFO - 源数据目录: D:\data_IGBT\ASEData\DVDS
2025-06-18 15:28:44,736 - INFO - 输出目录: D:\data_IGBT\output
2025-06-18 15:28:44,737 - INFO - === Phase 1: 扫描DVDS文件 ===
2025-06-18 15:28:44,737 - INFO - 找到有效文件: NCT5450009_NCEAP40PT15D(M)-2B00_FA4Z-2484_20241222_162325.xlsx
2025-06-18 15:28:44,738 - INFO - 找到有效文件: NCT5450010_NCEAP40PT15D(M)-2B00_FA4Z-2484_20241222_113755.xlsx
2025-06-18 15:28:44,738 - INFO - 共找到 2 个有效的xlsx文件
2025-06-18 15:28:44,738 - INFO - === Phase 2: 提取DVDS数据 ===
2025-06-18 15:28:44,738 - INFO - 开始提取DVDS数据: NCT5450009_NCEAP40PT15D(M)-2B00_FA4Z-2484_20241222_162325.xlsx
2025-06-18 15:28:45,982 - INFO - 文件形状: (6341, 17)
2025-06-18 15:28:45,982 - INFO - 找到DVDS列在第13列
2025-06-18 15:28:45,983 - INFO - DVDS单位: mV
2025-06-18 15:28:46,095 - INFO - 成功提取 6319 个DVDS数据点
2025-06-18 15:28:46,097 - INFO - 成功创建DataFrame: (6319, 2)
2025-06-18 15:28:46,097 - INFO - 开始提取DVDS数据: NCT5450010_NCEAP40PT15D(M)-2B00_FA4Z-2484_20241222_113755.xlsx
2025-06-18 15:28:47,041 - INFO - 文件形状: (6417, 17)
2025-06-18 15:28:47,042 - INFO - 找到DVDS列在第13列
2025-06-18 15:28:47,043 - INFO - DVDS单位: mV
2025-06-18 15:28:47,133 - INFO - 成功提取 6395 个DVDS数据点
2025-06-18 15:28:47,135 - INFO - 成功创建DataFrame: (6395, 2)
2025-06-18 15:28:47,136 - INFO - === Phase 3: 合并和清洗数据 ===
2025-06-18 15:28:47,136 - INFO - 开始合并 2 个DataFrame
2025-06-18 15:28:47,139 - INFO - 数据合并完成，总共 12714 行数据
2025-06-18 15:28:47,139 - INFO - 开始数据清洗，原始数据: (12714, 3)
2025-06-18 15:28:47,140 - INFO - 删除空值后: (12714, 3)
2025-06-18 15:28:47,142 - INFO - 清洗DVDS(mV)列后: (12714, 3)
2025-06-18 15:28:47,142 - INFO - 数据清洗完成，最终数据: (12714, 3)
2025-06-18 15:28:47,142 - INFO - === Phase 4: 保存结果 ===
2025-06-18 15:28:47,600 - INFO - 数据保存成功: D:\data_IGBT\output\DVDS_20250618_152847.xlsx
2025-06-18 15:28:47,601 - INFO - 保存了 12714 行数据
2025-06-18 15:28:47,601 - INFO - === 处理完成 ===
2025-06-18 15:28:47,602 - INFO - 成功处理 2 个文件
2025-06-18 15:28:47,602 - INFO - 输出文件: D:\data_IGBT\output\DVDS_20250618_152847.xlsx
2025-06-18 15:58:58,940 - INFO - DVDS数据清洗器初始化完成
2025-06-18 15:58:58,940 - INFO - 源数据目录: D:\data_IGBT\ASEData\DVDS
2025-06-18 15:58:58,941 - INFO - 输出目录: D:\data_IGBT\output
2025-06-18 15:58:58,941 - INFO - === Phase 1: 扫描DVDS文件 ===
2025-06-18 15:58:58,942 - INFO - 找到有效文件: NCT5450009_NCEAP40PT15D(M)-2B00_FA4Z-2484_20241222_162325.xlsx
2025-06-18 15:58:58,943 - INFO - 找到有效文件: NCT5450010_NCEAP40PT15D(M)-2B00_FA4Z-2484_20241222_113755.xlsx
2025-06-18 15:58:58,943 - INFO - 共找到 2 个有效的xlsx文件
2025-06-18 15:58:58,944 - INFO - === Phase 2: 提取DVDS数据 ===
2025-06-18 15:58:58,944 - INFO - 开始提取DVDS数据: NCT5450009_NCEAP40PT15D(M)-2B00_FA4Z-2484_20241222_162325.xlsx
2025-06-18 15:59:00,784 - INFO - 文件形状: (6341, 17)
2025-06-18 15:59:00,784 - INFO - 找到DVDS列在第13列
2025-06-18 15:59:00,785 - INFO - DVDS单位: mV
2025-06-18 15:59:00,910 - INFO - 成功提取 6319 个DVDS数据点
2025-06-18 15:59:00,912 - INFO - 成功创建DataFrame: (6319, 2)
2025-06-18 15:59:00,913 - INFO - 开始提取DVDS数据: NCT5450010_NCEAP40PT15D(M)-2B00_FA4Z-2484_20241222_113755.xlsx
2025-06-18 15:59:02,149 - INFO - 文件形状: (6417, 17)
2025-06-18 15:59:02,149 - INFO - 找到DVDS列在第13列
2025-06-18 15:59:02,150 - INFO - DVDS单位: mV
2025-06-18 15:59:02,265 - INFO - 成功提取 6395 个DVDS数据点
2025-06-18 15:59:02,267 - INFO - 成功创建DataFrame: (6395, 2)
2025-06-18 15:59:02,268 - INFO - === Phase 3: 合并和清洗数据 ===
2025-06-18 15:59:02,269 - INFO - 开始合并 2 个DataFrame
2025-06-18 15:59:02,272 - INFO - 数据合并完成，总共 12714 行数据
2025-06-18 15:59:02,272 - INFO - 开始数据清洗，原始数据: (12714, 3)
2025-06-18 15:59:02,273 - INFO - 删除空值后: (12714, 3)
2025-06-18 15:59:02,275 - INFO - 清洗DVDS(mV)列后: (12714, 3)
2025-06-18 15:59:02,275 - INFO - 数据清洗完成，最终数据: (12714, 3)
2025-06-18 15:59:02,276 - INFO - === Phase 4: 保存结果 ===
2025-06-18 15:59:02,820 - INFO - 数据保存成功: D:\data_IGBT\output\DVDS_20250618_155902.xlsx
2025-06-18 15:59:02,821 - INFO - 保存了 12714 行数据
2025-06-18 15:59:02,822 - INFO - === 处理完成 ===
2025-06-18 15:59:02,822 - INFO - 成功处理 2 个文件
2025-06-18 15:59:02,823 - INFO - 输出文件: D:\data_IGBT\output\DVDS_20250618_155902.xlsx
