2025-06-20 14:13:59,597 - INFO - ==================================================
2025-06-20 14:13:59,603 - INFO - 开始DC数据清洗处理 (性能优化版)
2025-06-20 14:13:59,612 - INFO - ==================================================
2025-06-20 14:13:59,620 - INFO - 扫描目录 D:\data_IGBT\ASEData\DC，找到 2 个Excel文件
2025-06-20 14:13:59,627 - INFO -   - NCT5516019_NCEAP40PT15D(M)-2B00_FA53-4115_20250422_222847.xlsx
2025-06-20 14:13:59,635 - INFO -   - NCT5516020_NCEAP40PT15D(M)-2B00_FA53-4115_20250423_045256.xlsx
2025-06-20 14:13:59,645 - INFO - 开始处理文件: NCT5516019_NCEAP40PT15D(M)-2B00_FA53-4115_20250422_222847.xlsx
2025-06-20 14:14:00,038 - INFO - 快速读取Excel: NCT5516019_NCEAP40PT15D(M)-2B00_FA53-4115_20250422_222847.xlsx (6354行x51列) 耗时: 0.385秒
2025-06-20 14:14:00,041 - INFO - 相邻ISGS检测: ISGS22.0 -> IGSS22.0 (左边改为IGSS)
2025-06-20 14:14:00,041 - INFO - 相邻ISGS检测: ISGS20.0 -> IGSS20.0 (左边改为IGSS)
2025-06-20 14:14:00,041 - INFO - 相邻ISGS检测: ISGS10.0 -> IGSS10.0 (左边改为IGSS)
2025-06-20 14:14:00,042 - WARNING - 仍有重复参数: VTH -> VTH(V)_1
2025-06-20 14:14:00,042 - WARNING - 仍有重复参数: VTH -> VTH(V)_2
2025-06-20 14:14:00,042 - WARNING - 仍有重复参数: BVDSS -> BVDSS(V)_1
2025-06-20 14:14:00,042 - WARNING - 仍有重复参数: BVDSS -> BVDSS(V)_2
2025-06-20 14:14:00,042 - WARNING - 仍有重复参数: VTH -> VTH(V)_3
2025-06-20 14:14:00,042 - WARNING - 仍有重复参数: ABSDEL -> ABSDEL_1
2025-06-20 14:14:00,042 - WARNING - 仍有重复参数: ABSDEL -> ABSDEL_2
2025-06-20 14:14:00,154 - INFO - 文件 NCT5516019_NCEAP40PT15D(M)-2B00_FA53-4115_20250422_222847.xlsx 提取成功，数据行数: 6334
2025-06-20 14:14:00,155 - INFO - 参数列数: 18
2025-06-20 14:14:00,157 - INFO - 开始处理文件: NCT5516020_NCEAP40PT15D(M)-2B00_FA53-4115_20250423_045256.xlsx
2025-06-20 14:14:00,439 - INFO - 快速读取Excel: NCT5516020_NCEAP40PT15D(M)-2B00_FA53-4115_20250423_045256.xlsx (4983行x51列) 耗时: 0.282秒
2025-06-20 14:14:00,441 - INFO - 相邻ISGS检测: ISGS22.0 -> IGSS22.0 (左边改为IGSS)
2025-06-20 14:14:00,441 - INFO - 相邻ISGS检测: ISGS20.0 -> IGSS20.0 (左边改为IGSS)
2025-06-20 14:14:00,442 - INFO - 相邻ISGS检测: ISGS10.0 -> IGSS10.0 (左边改为IGSS)
2025-06-20 14:14:00,442 - WARNING - 仍有重复参数: VTH -> VTH(V)_1
2025-06-20 14:14:00,442 - WARNING - 仍有重复参数: VTH -> VTH(V)_2
2025-06-20 14:14:00,442 - WARNING - 仍有重复参数: BVDSS -> BVDSS(V)_1
2025-06-20 14:14:00,443 - WARNING - 仍有重复参数: BVDSS -> BVDSS(V)_2
2025-06-20 14:14:00,443 - WARNING - 仍有重复参数: VTH -> VTH(V)_3
2025-06-20 14:14:00,443 - WARNING - 仍有重复参数: ABSDEL -> ABSDEL_1
2025-06-20 14:14:00,443 - WARNING - 仍有重复参数: ABSDEL -> ABSDEL_2
2025-06-20 14:14:00,526 - INFO - 文件 NCT5516020_NCEAP40PT15D(M)-2B00_FA53-4115_20250423_045256.xlsx 提取成功，数据行数: 4962
2025-06-20 14:14:00,526 - INFO - 参数列数: 18
2025-06-20 14:14:00,528 - INFO - 开始合并 2 个数据框
2025-06-20 14:14:00,530 - INFO - 数据合并完成，总行数: 11296
2025-06-20 14:14:00,530 - INFO - 开始DC数据清洗和格式化
2025-06-20 14:14:00,538 - INFO - 数据清洗完成，最终行数: 11296
2025-06-20 14:14:00,539 - INFO - 最终列数: 20
2025-06-20 14:14:03,666 - INFO - 快速写入Excel: DC_20250620_141400.xlsx (11296行x20列) 耗时: 3.128秒
2025-06-20 14:14:03,666 - INFO - DC数据保存成功: C:\Users\Giri\Desktop\DC_20250620_141400.xlsx
2025-06-20 14:14:03,667 - INFO - 总共处理 11296 行数据
2025-06-20 14:14:03,667 - INFO - ==================================================
2025-06-20 14:14:03,668 - INFO - DC数据清洗处理完成
2025-06-20 14:14:03,668 - INFO - ==================================================
2025-06-20 14:15:10,404 - INFO - DVDS数据清洗器初始化完成
2025-06-20 14:15:10,404 - INFO - 源数据目录: D:\data_IGBT\ASEData\ASEData\DVDS
2025-06-20 14:15:10,405 - INFO - 输出目录: D:\data_IGBT\ASEData\output
2025-06-20 14:15:10,405 - INFO - === Phase 1: 扫描DVDS文件 ===
2025-06-20 14:15:10,406 - INFO - 找到有效文件: NCT5450009_NCEAP40PT15D(M)-2B00_FA4Z-2484_20241222_162325.xlsx
2025-06-20 14:15:10,406 - INFO - 找到有效文件: NCT5450010_NCEAP40PT15D(M)-2B00_FA4Z-2484_20241222_113755.xlsx
2025-06-20 14:15:10,406 - INFO - 共找到 2 个有效的xlsx文件
2025-06-20 14:15:10,406 - INFO - === Phase 2: 提取DVDS数据 ===
2025-06-20 14:15:10,406 - INFO - 开始提取DVDS数据: NCT5450009_NCEAP40PT15D(M)-2B00_FA4Z-2484_20241222_162325.xlsx
2025-06-20 14:15:10,630 - INFO - 文件形状: (6341, 51)
2025-06-20 14:15:10,631 - INFO - 找到DVDS列在第13列
2025-06-20 14:15:10,631 - INFO - DVDS单位: mV
2025-06-20 14:15:10,738 - INFO - 成功提取 6319 个DVDS数据点
2025-06-20 14:15:10,739 - INFO - 成功创建DataFrame: (6319, 2)
2025-06-20 14:15:10,741 - INFO - 开始提取DVDS数据: NCT5450010_NCEAP40PT15D(M)-2B00_FA4Z-2484_20241222_113755.xlsx
2025-06-20 14:15:11,018 - INFO - 文件形状: (6417, 51)
2025-06-20 14:15:11,019 - INFO - 找到DVDS列在第13列
2025-06-20 14:15:11,019 - INFO - DVDS单位: mV
2025-06-20 14:15:11,134 - INFO - 成功提取 6395 个DVDS数据点
2025-06-20 14:15:11,135 - INFO - 成功创建DataFrame: (6395, 2)
2025-06-20 14:15:11,136 - INFO - === Phase 3: 合并和清洗数据 ===
2025-06-20 14:15:11,137 - INFO - 开始合并 2 个DataFrame
2025-06-20 14:15:11,138 - INFO - 数据合并完成，总共 12714 行数据
2025-06-20 14:15:11,139 - INFO - 开始数据清洗，原始数据: (12714, 3)
2025-06-20 14:15:11,140 - INFO - 删除空值后: (12714, 3)
2025-06-20 14:15:11,142 - INFO - 清洗DVDS(mV)列后: (12714, 3)
2025-06-20 14:15:11,143 - INFO - 数据清洗完成，最终数据: (12714, 3)
2025-06-20 14:15:11,143 - INFO - === Phase 4: 保存结果 ===
2025-06-20 14:15:11,629 - INFO - 数据保存成功: C:/Users/Giri/Desktop\DVDS_20250620_141511.xlsx
2025-06-20 14:15:11,630 - INFO - 保存了 12714 行数据
2025-06-20 14:15:11,630 - INFO - === 处理完成 ===
2025-06-20 14:15:11,630 - INFO - 成功处理 2 个文件
2025-06-20 14:15:11,631 - INFO - 输出文件: C:/Users/Giri/Desktop\DVDS_20250620_141511.xlsx
2025-06-20 14:15:15,067 - INFO - 开始RG数据清洗流程
2025-06-20 14:15:15,069 - INFO - 开始扫描RG文件目录: D:\data_IGBT\ASEData\RG
2025-06-20 14:15:15,069 - INFO - 找到 2 个RG文件
2025-06-20 14:15:15,070 - INFO -   - ST1_NCEAP40PT15D(M)-2B00_1-0_FA4Z-2482_NCT5452009_P_001_20250102152204.xlsx
2025-06-20 14:15:15,070 - INFO -   - ST1_NCEAP40PT15D(M)-2B00_1-0_FA4Z-2482_NCT5452010_P_001_20241229163659.xlsx
2025-06-20 14:15:15,070 - INFO - 开始合并所有RG数据
2025-06-20 14:15:15,071 - INFO - 处理文件: ST1_NCEAP40PT15D(M)-2B00_1-0_FA4Z-2482_NCT5452009_P_001_20250102152204.xlsx
2025-06-20 14:15:15,243 - INFO -   RG标识位置: 第2行, 第11列
2025-06-20 14:15:15,243 - INFO -   R单位位置: 第7行, 第11列
2025-06-20 14:15:15,260 - INFO -   数据起始行: 第20行
2025-06-20 14:15:15,369 - INFO -   提取到 6234 个RG数据点
2025-06-20 14:15:15,371 - INFO - 处理文件: ST1_NCEAP40PT15D(M)-2B00_1-0_FA4Z-2482_NCT5452010_P_001_20241229163659.xlsx
2025-06-20 14:15:15,563 - INFO -   RG标识位置: 第2行, 第11列
2025-06-20 14:15:15,564 - INFO -   R单位位置: 第7行, 第11列
2025-06-20 14:15:15,579 - INFO -   数据起始行: 第20行
2025-06-20 14:15:15,684 - INFO -   提取到 6333 个RG数据点
2025-06-20 14:15:15,686 - INFO - 合并完成，总共 12567 条RG数据
2025-06-20 14:15:15,686 - INFO - 开始清洗和格式化RG数据
2025-06-20 14:15:16,155 - INFO - RG数据已保存到: C:\Users\Giri\Desktop\RG_20250620_141515.xlsx
2025-06-20 14:15:16,155 - INFO - 文件包含 12567 条RG数据
2025-06-20 14:15:16,155 - INFO - RG数据清洗流程完成
