2025-06-19 14:05:38,765 - INFO - ==================================================
2025-06-19 14:05:38,766 - INFO - 开始DC数据清洗处理
2025-06-19 14:05:38,766 - INFO - ==================================================
2025-06-19 14:05:38,766 - INFO - 开始扫描DC文件目录: ..\ASEData\DC
2025-06-19 14:05:38,767 - INFO - 找到 3 个DC数据文件
2025-06-19 14:05:38,767 - INFO -   - NCT5516018_NCEAP40PT15D(M)-2B00_FA53-4115_20250422_163704.xlsx
2025-06-19 14:05:38,767 - INFO -   - NCT5516019_NCEAP40PT15D(M)-2B00_FA53-4115_20250422_222847.xlsx
2025-06-19 14:05:38,767 - INFO -   - NCT5516020_NCEAP40PT15D(M)-2B00_FA53-4115_20250423_045256.xlsx
2025-06-19 14:05:38,768 - INFO - 开始处理文件: NCT5516018_NCEAP40PT15D(M)-2B00_FA53-4115_20250422_163704.xlsx
2025-06-19 14:05:39,050 - INFO - IDSS参数增强: IDSS -> IDSS40.0
2025-06-19 14:05:39,050 - INFO - ISGS参数增强: ISGS -> ISGS22.0
2025-06-19 14:05:39,051 - INFO - ISGS参数增强: ISGS -> ISGS22.0
2025-06-19 14:05:39,051 - INFO - ISGS参数增强: ISGS -> ISGS20.0
2025-06-19 14:05:39,052 - INFO - ISGS参数增强: ISGS -> ISGS20.0
2025-06-19 14:05:39,052 - INFO - LRDON参数增强: LRDON -> LRDON10.0
2025-06-19 14:05:39,053 - INFO - LRDON参数增强: LRDON -> LRDON4.50
2025-06-19 14:05:39,053 - INFO - IDSS参数增强: IDSS -> IDSS35.0
2025-06-19 14:05:39,054 - INFO - ISGS参数增强: ISGS -> ISGS10.0
2025-06-19 14:05:39,054 - INFO - ISGS参数增强: ISGS -> ISGS10.0
2025-06-19 14:05:40,968 - INFO - 文件 NCT5516018_NCEAP40PT15D(M)-2B00_FA53-4115_20250422_163704.xlsx 提取成功，数据行数: 6310
2025-06-19 14:05:40,969 - INFO - 参数列数: 18
2025-06-19 14:05:40,976 - INFO - 开始处理文件: NCT5516019_NCEAP40PT15D(M)-2B00_FA53-4115_20250422_222847.xlsx
2025-06-19 14:05:41,359 - INFO - IDSS参数增强: IDSS -> IDSS40.0
2025-06-19 14:05:41,359 - INFO - ISGS参数增强: ISGS -> ISGS22.0
2025-06-19 14:05:41,361 - INFO - ISGS参数增强: ISGS -> ISGS22.0
2025-06-19 14:05:41,362 - INFO - ISGS参数增强: ISGS -> ISGS20.0
2025-06-19 14:05:41,363 - INFO - ISGS参数增强: ISGS -> ISGS20.0
2025-06-19 14:05:41,363 - INFO - LRDON参数增强: LRDON -> LRDON10.0
2025-06-19 14:05:41,364 - INFO - LRDON参数增强: LRDON -> LRDON4.50
2025-06-19 14:05:41,365 - INFO - IDSS参数增强: IDSS -> IDSS35.0
2025-06-19 14:05:41,365 - INFO - ISGS参数增强: ISGS -> ISGS10.0
2025-06-19 14:05:41,366 - INFO - ISGS参数增强: ISGS -> ISGS10.0
2025-06-19 14:05:43,325 - INFO - 文件 NCT5516019_NCEAP40PT15D(M)-2B00_FA53-4115_20250422_222847.xlsx 提取成功，数据行数: 6335
2025-06-19 14:05:43,325 - INFO - 参数列数: 18
2025-06-19 14:05:43,331 - INFO - 开始处理文件: NCT5516020_NCEAP40PT15D(M)-2B00_FA53-4115_20250423_045256.xlsx
2025-06-19 14:05:43,587 - INFO - IDSS参数增强: IDSS -> IDSS40.0
2025-06-19 14:05:43,588 - INFO - ISGS参数增强: ISGS -> ISGS22.0
2025-06-19 14:05:43,588 - INFO - ISGS参数增强: ISGS -> ISGS22.0
2025-06-19 14:05:43,588 - INFO - ISGS参数增强: ISGS -> ISGS20.0
2025-06-19 14:05:43,589 - INFO - ISGS参数增强: ISGS -> ISGS20.0
2025-06-19 14:05:43,590 - INFO - LRDON参数增强: LRDON -> LRDON10.0
2025-06-19 14:05:43,590 - INFO - LRDON参数增强: LRDON -> LRDON4.50
2025-06-19 14:05:43,590 - INFO - IDSS参数增强: IDSS -> IDSS35.0
2025-06-19 14:05:43,591 - INFO - ISGS参数增强: ISGS -> ISGS10.0
2025-06-19 14:05:43,591 - INFO - ISGS参数增强: ISGS -> ISGS10.0
2025-06-19 14:05:45,091 - INFO - 文件 NCT5516020_NCEAP40PT15D(M)-2B00_FA53-4115_20250423_045256.xlsx 提取成功，数据行数: 4964
2025-06-19 14:05:45,092 - INFO - 参数列数: 18
2025-06-19 14:05:45,093 - INFO - 开始合并 3 个数据框
2025-06-19 14:05:45,096 - INFO - 数据合并完成，总行数: 17609
2025-06-19 14:05:45,096 - INFO - 开始DC数据清洗和格式化
2025-06-19 14:05:45,108 - INFO - 数据清洗完成，最终行数: 17609
2025-06-19 14:05:45,109 - INFO - 最终列数: 20
2025-06-19 14:05:49,454 - INFO - DC数据保存成功: ..\output\DC_20250619_140545.xlsx
2025-06-19 14:05:49,454 - INFO - 总共处理 17609 行数据
2025-06-19 14:05:49,455 - INFO - ==================================================
2025-06-19 14:05:49,455 - INFO - DC数据清洗处理完成
2025-06-19 14:05:49,455 - INFO - ==================================================
