2025-06-25 17:44:54,564 - INFO - ==================================================
2025-06-25 17:44:54,564 - INFO - 开始DC数据清洗处理 (性能优化版)
2025-06-25 17:44:54,565 - INFO - ==================================================
2025-06-25 17:44:54,565 - INFO - 扫描目录 D:\data_IGBT\ASEData\DVDS，找到 2 个Excel文件
2025-06-25 17:44:54,566 - INFO -   - NCT5450009_NCEAP40PT15D(M)-2B00_FA4Z-2484_20241222_162325.xlsx
2025-06-25 17:44:54,566 - INFO -   - NCT5450010_NCEAP40PT15D(M)-2B00_FA4Z-2484_20241222_113755.xlsx
2025-06-25 17:44:54,566 - INFO - 开始处理文件: NCT5450009_NCEAP40PT15D(M)-2B00_FA4Z-2484_20241222_162325.xlsx
2025-06-25 17:44:54,781 - INFO - 快速读取Excel: NCT5450009_NCEAP40PT15D(M)-2B00_FA4Z-2484_20241222_162325.xlsx (6341行x51列) 耗时: 0.215秒
2025-06-25 17:44:54,870 - INFO - 文件 NCT5450009_NCEAP40PT15D(M)-2B00_FA4Z-2484_20241222_162325.xlsx 提取成功，数据行数: 6319
2025-06-25 17:44:54,871 - INFO - 参数列数: 9
2025-06-25 17:44:54,873 - INFO - 开始处理文件: NCT5450010_NCEAP40PT15D(M)-2B00_FA4Z-2484_20241222_113755.xlsx
2025-06-25 17:44:55,115 - INFO - 快速读取Excel: NCT5450010_NCEAP40PT15D(M)-2B00_FA4Z-2484_20241222_113755.xlsx (6417行x51列) 耗时: 0.241秒
2025-06-25 17:44:55,204 - INFO - 文件 NCT5450010_NCEAP40PT15D(M)-2B00_FA4Z-2484_20241222_113755.xlsx 提取成功，数据行数: 6395
2025-06-25 17:44:55,204 - INFO - 参数列数: 9
2025-06-25 17:44:55,206 - INFO - 开始合并 2 个数据框
2025-06-25 17:44:55,208 - INFO - 数据合并完成，总行数: 12714
2025-06-25 17:44:55,209 - INFO - 开始DC数据清洗和格式化
2025-06-25 17:44:55,215 - INFO - 数据清洗完成，最终行数: 12714
2025-06-25 17:44:55,215 - INFO - 最终列数: 11
2025-06-25 17:44:56,403 - INFO - 快速写入Excel: FA4Z-2484_DC_20250625_174455.xlsx (12714行x11列) 耗时: 1.186秒
2025-06-25 17:44:56,403 - INFO - DC数据保存成功: C:\Users\Giri\Desktop\FA4Z-2484_DC_20250625_174455.xlsx
2025-06-25 17:44:56,404 - INFO - 总共处理 12714 行数据
2025-06-25 17:44:56,405 - INFO - ==================================================
2025-06-25 17:44:56,405 - INFO - DC数据清洗处理完成
2025-06-25 17:44:56,405 - INFO - ==================================================
2025-06-25 17:45:33,221 - INFO - DVDS数据清洗器初始化完成
2025-06-25 17:45:33,223 - INFO - 源数据目录: D:\data_IGBT\ASEData\DVDS
2025-06-25 17:45:33,224 - INFO - 输出目录: D:\data_IGBT\output
2025-06-25 17:45:33,225 - INFO - === Phase 1: 扫描DVDS文件 ===
2025-06-25 17:45:33,226 - INFO - 找到有效文件: NCT5450009_NCEAP40PT15D(M)-2B00_FA4Z-2484_20241222_162325.xlsx
2025-06-25 17:45:33,227 - INFO - 找到有效文件: NCT5450010_NCEAP40PT15D(M)-2B00_FA4Z-2484_20241222_113755.xlsx
2025-06-25 17:45:33,227 - INFO - 共找到 2 个有效的xlsx文件
2025-06-25 17:45:33,228 - INFO - === Phase 2: 提取DVDS数据 ===
2025-06-25 17:45:33,229 - INFO - 开始提取DVDS数据: NCT5450009_NCEAP40PT15D(M)-2B00_FA4Z-2484_20241222_162325.xlsx
2025-06-25 17:45:33,434 - INFO - 文件形状: (6341, 51)
2025-06-25 17:45:33,435 - INFO - 找到DVDS列在第13列
2025-06-25 17:45:33,436 - INFO - DVDS单位: mV
2025-06-25 17:45:33,516 - INFO - 成功提取 6319 个DVDS数据点
2025-06-25 17:45:33,518 - INFO - 成功创建DataFrame: (6319, 2)
2025-06-25 17:45:33,519 - INFO - 开始提取DVDS数据: NCT5450010_NCEAP40PT15D(M)-2B00_FA4Z-2484_20241222_113755.xlsx
2025-06-25 17:45:33,693 - INFO - 文件形状: (6417, 51)
2025-06-25 17:45:33,693 - INFO - 找到DVDS列在第13列
2025-06-25 17:45:33,695 - INFO - DVDS单位: mV
2025-06-25 17:45:33,775 - INFO - 成功提取 6395 个DVDS数据点
2025-06-25 17:45:33,776 - INFO - 成功创建DataFrame: (6395, 2)
2025-06-25 17:45:33,777 - INFO - === Phase 3: 合并和清洗数据 ===
2025-06-25 17:45:33,778 - INFO - 开始合并 2 个DataFrame
2025-06-25 17:45:33,780 - INFO - 数据合并完成，总共 12714 行数据
2025-06-25 17:45:33,780 - INFO - 开始数据清洗，原始数据: (12714, 3)
2025-06-25 17:45:33,782 - INFO - 删除空值后: (12714, 3)
2025-06-25 17:45:33,783 - INFO - 清洗DVDS(mV)列后: (12714, 3)
2025-06-25 17:45:33,784 - INFO - 数据清洗完成，最终数据: (12714, 3)
2025-06-25 17:45:33,784 - INFO - === Phase 4: 保存结果 ===
2025-06-25 17:45:34,180 - INFO - 数据保存成功: C:\Users\Giri\Desktop\FA4Z-2484_DVDS_20250625_174533.xlsx
2025-06-25 17:45:34,181 - INFO - 保存了 12714 行数据
2025-06-25 17:45:34,182 - INFO - === 处理完成 ===
2025-06-25 17:45:34,182 - INFO - 成功处理 2 个文件
2025-06-25 17:45:34,183 - INFO - 输出文件: C:\Users\Giri\Desktop\FA4Z-2484_DVDS_20250625_174533.xlsx
2025-06-25 17:46:00,006 - INFO - ==================================================
2025-06-25 17:46:00,006 - INFO - 开始DC数据清洗处理 (性能优化版)
2025-06-25 17:46:00,007 - INFO - ==================================================
2025-06-25 17:46:00,008 - INFO - 扫描目录 D:\data_IGBT\ASEData\DC，找到 2 个Excel文件
2025-06-25 17:46:00,008 - INFO -   - NCT5516019_NCEAP40PT15D(M)-2B00_FA53-4115_20250422_222847.xlsx
2025-06-25 17:46:00,008 - INFO -   - NCT5516020_NCEAP40PT15D(M)-2B00_FA53-4115_20250423_045256.xlsx
2025-06-25 17:46:00,008 - INFO - 开始处理文件: NCT5516019_NCEAP40PT15D(M)-2B00_FA53-4115_20250422_222847.xlsx
2025-06-25 17:46:00,267 - INFO - 快速读取Excel: NCT5516019_NCEAP40PT15D(M)-2B00_FA53-4115_20250422_222847.xlsx (6354行x51列) 耗时: 0.258秒
2025-06-25 17:46:00,269 - INFO - 相邻ISGS检测: ISGS22.0 -> IGSS22.0 (左边改为IGSS)
2025-06-25 17:46:00,269 - INFO - 相邻ISGS检测: ISGS20.0 -> IGSS20.0 (左边改为IGSS)
2025-06-25 17:46:00,270 - INFO - 相邻ISGS检测: ISGS10.0 -> IGSS10.0 (左边改为IGSS)
2025-06-25 17:46:00,270 - WARNING - 仍有重复参数: VTH -> VTH1(V)
2025-06-25 17:46:00,271 - WARNING - 仍有重复参数: VTH -> VTH2(V)
2025-06-25 17:46:00,272 - WARNING - 仍有重复参数: BVDSS -> BVDSS1(V)
2025-06-25 17:46:00,273 - WARNING - 仍有重复参数: BVDSS -> BVDSS2(V)
2025-06-25 17:46:00,273 - WARNING - 仍有重复参数: VTH -> VTH3(V)
2025-06-25 17:46:00,273 - WARNING - 仍有重复参数: ABSDEL -> ABSDEL1
2025-06-25 17:46:00,273 - WARNING - 仍有重复参数: ABSDEL -> ABSDEL2
2025-06-25 17:46:00,347 - INFO - 文件 NCT5516019_NCEAP40PT15D(M)-2B00_FA53-4115_20250422_222847.xlsx 提取成功，数据行数: 6334
2025-06-25 17:46:00,348 - INFO - 参数列数: 18
2025-06-25 17:46:00,350 - INFO - 开始处理文件: NCT5516020_NCEAP40PT15D(M)-2B00_FA53-4115_20250423_045256.xlsx
2025-06-25 17:46:00,557 - INFO - 快速读取Excel: NCT5516020_NCEAP40PT15D(M)-2B00_FA53-4115_20250423_045256.xlsx (4983行x51列) 耗时: 0.207秒
2025-06-25 17:46:00,559 - INFO - 相邻ISGS检测: ISGS22.0 -> IGSS22.0 (左边改为IGSS)
2025-06-25 17:46:00,560 - INFO - 相邻ISGS检测: ISGS20.0 -> IGSS20.0 (左边改为IGSS)
2025-06-25 17:46:00,560 - INFO - 相邻ISGS检测: ISGS10.0 -> IGSS10.0 (左边改为IGSS)
2025-06-25 17:46:00,560 - WARNING - 仍有重复参数: VTH -> VTH1(V)
2025-06-25 17:46:00,560 - WARNING - 仍有重复参数: VTH -> VTH2(V)
2025-06-25 17:46:00,561 - WARNING - 仍有重复参数: BVDSS -> BVDSS1(V)
2025-06-25 17:46:00,561 - WARNING - 仍有重复参数: BVDSS -> BVDSS2(V)
2025-06-25 17:46:00,562 - WARNING - 仍有重复参数: VTH -> VTH3(V)
2025-06-25 17:46:00,562 - WARNING - 仍有重复参数: ABSDEL -> ABSDEL1
2025-06-25 17:46:00,562 - WARNING - 仍有重复参数: ABSDEL -> ABSDEL2
2025-06-25 17:46:00,620 - INFO - 文件 NCT5516020_NCEAP40PT15D(M)-2B00_FA53-4115_20250423_045256.xlsx 提取成功，数据行数: 4962
2025-06-25 17:46:00,621 - INFO - 参数列数: 18
2025-06-25 17:46:00,622 - INFO - 开始合并 2 个数据框
2025-06-25 17:46:00,623 - INFO - 数据合并完成，总行数: 11296
2025-06-25 17:46:00,623 - INFO - 开始DC数据清洗和格式化
2025-06-25 17:46:00,629 - INFO - 数据清洗完成，最终行数: 11296
2025-06-25 17:46:00,630 - INFO - 最终列数: 20
2025-06-25 17:46:02,671 - INFO - 快速写入Excel: FA53-4115_DC_20250625_174600.xlsx (11296行x20列) 耗时: 2.041秒
2025-06-25 17:46:02,672 - INFO - DC数据保存成功: C:\Users\Giri\Desktop\FA53-4115_DC_20250625_174600.xlsx
2025-06-25 17:46:02,672 - INFO - 总共处理 11296 行数据
2025-06-25 17:46:02,673 - INFO - ==================================================
2025-06-25 17:46:02,673 - INFO - DC数据清洗处理完成
2025-06-25 17:46:02,673 - INFO - ==================================================
