2025-06-18 10:49:08,862 - INFO - 开始RG数据清洗流程
2025-06-18 10:49:08,862 - INFO - 开始扫描RG文件目录: ..\ASEData\RG
2025-06-18 10:49:08,863 - INFO - 找到 2 个RG文件
2025-06-18 10:49:08,863 - INFO -   - ST1_NCEAP40PT15D(M)-2B00_1-0_FA4Z-2482_NCT5452009_P_001_20250102152204.xlsx
2025-06-18 10:49:08,863 - INFO -   - ST1_NCEAP40PT15D(M)-2B00_1-0_FA4Z-2482_NCT5452010_P_001_20241229163659.xlsx
2025-06-18 10:49:08,863 - INFO - 开始合并所有RG数据
2025-06-18 10:49:08,863 - INFO - 处理文件: ST1_NCEAP40PT15D(M)-2B00_1-0_FA4Z-2482_NCT5452009_P_001_20250102152204.xlsx
2025-06-18 10:49:09,910 - INFO -   RG标识位置: 第2行, 第11列
2025-06-18 10:49:09,910 - INFO -   R单位位置: 第7行, 第11列
2025-06-18 10:49:09,915 - INFO -   数据起始行: 第20行
2025-06-18 10:49:10,011 - INFO -   提取到 6234 个RG数据点
2025-06-18 10:49:10,013 - INFO - 处理文件: ST1_NCEAP40PT15D(M)-2B00_1-0_FA4Z-2482_NCT5452010_P_001_20241229163659.xlsx
2025-06-18 10:49:10,760 - INFO -   RG标识位置: 第2行, 第11列
2025-06-18 10:49:10,761 - INFO -   R单位位置: 第7行, 第11列
2025-06-18 10:49:10,764 - INFO -   数据起始行: 第20行
2025-06-18 10:49:10,867 - INFO -   提取到 6333 个RG数据点
2025-06-18 10:49:10,870 - INFO - 合并完成，总共 12567 条RG数据
2025-06-18 10:49:10,870 - INFO - 开始清洗和格式化RG数据
2025-06-18 10:49:11,399 - INFO - RG数据已保存到: ..\output\RG_20250618_104910.xlsx
2025-06-18 10:49:11,399 - INFO - 文件包含 12567 条RG数据
2025-06-18 10:49:11,399 - INFO - RG数据清洗流程完成
2025-06-18 15:28:20,392 - INFO - 开始RG数据清洗流程
2025-06-18 15:28:20,393 - INFO - 开始扫描RG文件目录: ..\ASEData\RG
2025-06-18 15:28:20,393 - INFO - 找到 2 个RG文件
2025-06-18 15:28:20,393 - INFO -   - ST1_NCEAP40PT15D(M)-2B00_1-0_FA4Z-2482_NCT5452009_P_001_20250102152204.xlsx
2025-06-18 15:28:20,393 - INFO -   - ST1_NCEAP40PT15D(M)-2B00_1-0_FA4Z-2482_NCT5452010_P_001_20241229163659.xlsx
2025-06-18 15:28:20,394 - INFO - 开始合并所有RG数据
2025-06-18 15:28:20,394 - INFO - 处理文件: ST1_NCEAP40PT15D(M)-2B00_1-0_FA4Z-2482_NCT5452009_P_001_20250102152204.xlsx
2025-06-18 15:28:21,132 - INFO -   RG标识位置: 第2行, 第11列
2025-06-18 15:28:21,132 - INFO -   R单位位置: 第7行, 第11列
2025-06-18 15:28:21,134 - INFO -   数据起始行: 第20行
2025-06-18 15:28:21,213 - INFO -   提取到 6234 个RG数据点
2025-06-18 15:28:21,214 - INFO - 处理文件: ST1_NCEAP40PT15D(M)-2B00_1-0_FA4Z-2482_NCT5452010_P_001_20241229163659.xlsx
2025-06-18 15:28:21,734 - INFO -   RG标识位置: 第2行, 第11列
2025-06-18 15:28:21,735 - INFO -   R单位位置: 第7行, 第11列
2025-06-18 15:28:21,738 - INFO -   数据起始行: 第20行
2025-06-18 15:28:21,827 - INFO -   提取到 6333 个RG数据点
2025-06-18 15:28:21,829 - INFO - 合并完成，总共 12567 条RG数据
2025-06-18 15:28:21,829 - INFO - 开始清洗和格式化RG数据
2025-06-18 15:28:22,243 - INFO - RG数据已保存到: ..\output\RG_20250618_152821.xlsx
2025-06-18 15:28:22,243 - INFO - 文件包含 12567 条RG数据
2025-06-18 15:28:22,244 - INFO - RG数据清洗流程完成
2025-06-18 16:14:55,207 - INFO - 开始RG数据清洗流程
2025-06-18 16:14:55,208 - INFO - 开始扫描RG文件目录: ..\ASEData\RG
2025-06-18 16:14:55,208 - INFO - 找到 2 个RG文件
2025-06-18 16:14:55,209 - INFO -   - ST1_NCEAP40PT15D(M)-2B00_1-0_FA4Z-2482_NCT5452009_P_001_20250102152204.xlsx
2025-06-18 16:14:55,209 - INFO -   - ST1_NCEAP40PT15D(M)-2B00_1-0_FA4Z-2482_NCT5452010_P_001_20241229163659.xlsx
2025-06-18 16:14:55,209 - INFO - 开始合并所有RG数据
2025-06-18 16:14:55,209 - INFO - 处理文件: ST1_NCEAP40PT15D(M)-2B00_1-0_FA4Z-2482_NCT5452009_P_001_20250102152204.xlsx
2025-06-18 16:14:56,092 - INFO -   RG标识位置: 第2行, 第11列
2025-06-18 16:14:56,092 - INFO -   R单位位置: 第7行, 第11列
2025-06-18 16:14:56,097 - INFO -   数据起始行: 第20行
2025-06-18 16:14:56,194 - INFO -   提取到 6234 个RG数据点
2025-06-18 16:14:56,196 - INFO - 处理文件: ST1_NCEAP40PT15D(M)-2B00_1-0_FA4Z-2482_NCT5452010_P_001_20241229163659.xlsx
2025-06-18 16:14:56,946 - INFO -   RG标识位置: 第2行, 第11列
2025-06-18 16:14:56,947 - INFO -   R单位位置: 第7行, 第11列
2025-06-18 16:14:56,951 - INFO -   数据起始行: 第20行
2025-06-18 16:14:57,078 - INFO -   提取到 6333 个RG数据点
2025-06-18 16:14:57,080 - INFO - 合并完成，总共 12567 条RG数据
2025-06-18 16:14:57,081 - INFO - 开始清洗和格式化RG数据
2025-06-18 16:14:57,660 - INFO - RG数据已保存到: ..\output\RG_20250618_161457.xlsx
2025-06-18 16:14:57,661 - INFO - 文件包含 12567 条RG数据
2025-06-18 16:14:57,661 - INFO - RG数据清洗流程完成
2025-06-18 16:42:32,332 - INFO - 开始RG数据清洗流程
2025-06-18 16:42:32,332 - INFO - 开始扫描RG文件目录: ..\ASEData\RG
2025-06-18 16:42:32,333 - INFO - 找到 2 个RG文件
2025-06-18 16:42:32,333 - INFO -   - ST1_NCEAP40PT15D(M)-2B00_1-0_FA4Z-2482_NCT5452009_P_001_20250102152204.xlsx
2025-06-18 16:42:32,333 - INFO -   - ST1_NCEAP40PT15D(M)-2B00_1-0_FA4Z-2482_NCT5452010_P_001_20241229163659.xlsx
2025-06-18 16:42:32,334 - INFO - 开始合并所有RG数据
2025-06-18 16:42:32,334 - INFO - 处理文件: ST1_NCEAP40PT15D(M)-2B00_1-0_FA4Z-2482_NCT5452009_P_001_20250102152204.xlsx
2025-06-18 16:42:33,176 - INFO -   RG标识位置: 第2行, 第11列
2025-06-18 16:42:33,177 - INFO -   R单位位置: 第7行, 第11列
2025-06-18 16:42:33,181 - INFO -   数据起始行: 第20行
2025-06-18 16:42:33,290 - INFO -   提取到 6234 个RG数据点
2025-06-18 16:42:33,292 - INFO - 处理文件: ST1_NCEAP40PT15D(M)-2B00_1-0_FA4Z-2482_NCT5452010_P_001_20241229163659.xlsx
2025-06-18 16:42:34,046 - INFO -   RG标识位置: 第2行, 第11列
2025-06-18 16:42:34,047 - INFO -   R单位位置: 第7行, 第11列
2025-06-18 16:42:34,050 - INFO -   数据起始行: 第20行
2025-06-18 16:42:34,161 - INFO -   提取到 6333 个RG数据点
2025-06-18 16:42:34,163 - INFO - 合并完成，总共 12567 条RG数据
2025-06-18 16:42:34,164 - INFO - 开始清洗和格式化RG数据
2025-06-18 16:42:34,642 - INFO - RG数据已保存到: ..\output\RG_20250618_164234.xlsx
2025-06-18 16:42:34,642 - INFO - 文件包含 12567 条RG数据
2025-06-18 16:42:34,643 - INFO - RG数据清洗流程完成
